0 info it worked if it ends with ok
1 verbose cli [ 'node', '/usr/local/bin/npm', 'install', 'bower-cli' ]
2 info using npm@1.4.28
3 info using node@v0.10.33
4 verbose readDependencies using package.json deps
5 verbose cache add [ 'bower-cli', null ]
6 verbose cache add name=undefined spec="bower-cli" args=["bower-cli",null]
7 verbose parsed url { protocol: null,
7 verbose parsed url   slashes: null,
7 verbose parsed url   auth: null,
7 verbose parsed url   host: null,
7 verbose parsed url   port: null,
7 verbose parsed url   hostname: null,
7 verbose parsed url   hash: null,
7 verbose parsed url   search: null,
7 verbose parsed url   query: null,
7 verbose parsed url   pathname: 'bower-cli',
7 verbose parsed url   path: 'bower-cli',
7 verbose parsed url   href: 'bower-cli' }
8 silly lockFile b5fc92bc-bower-cli bower-cli
9 verbose lock bower-cli /Users/mobiledev/.npm/b5fc92bc-bower-cli.lock
10 silly lockFile b5fc92bc-bower-cli bower-cli
11 silly lockFile b5fc92bc-bower-cli bower-cli
12 verbose addNamed [ 'bower-cli', '' ]
13 verbose addNamed [ null, '*' ]
14 silly lockFile 8942fdc3-bower-cli bower-cli@
15 verbose lock bower-cli@ /Users/mobiledev/.npm/8942fdc3-bower-cli.lock
16 silly addNameRange { name: 'bower-cli', range: '*', hasData: false }
17 verbose request where is /bower-cli
18 verbose request registry https://registry.npmjs.org/
19 verbose request id 3b6068d478c4c462
20 verbose url raw /bower-cli
21 verbose url resolving [ 'https://registry.npmjs.org/', './bower-cli' ]
22 verbose url resolved https://registry.npmjs.org/bower-cli
23 verbose request where is https://registry.npmjs.org/bower-cli
24 info trying registry request attempt 1 at 10:27:00
25 http GET https://registry.npmjs.org/bower-cli
26 http 404 https://registry.npmjs.org/bower-cli
27 silly registry.get cb [ 404,
27 silly registry.get   { 'content-type': 'application/json',
27 silly registry.get     'cache-control': 'max-age=0',
27 silly registry.get     'content-length': '2',
27 silly registry.get     'accept-ranges': 'bytes',
27 silly registry.get     date: 'Wed, 17 Aug 2016 14:26:34 GMT',
27 silly registry.get     via: '1.1 varnish',
27 silly registry.get     age: '0',
27 silly registry.get     connection: 'keep-alive',
27 silly registry.get     'x-served-by': 'cache-atl6242-ATL',
27 silly registry.get     'x-cache': 'MISS',
27 silly registry.get     'x-cache-hits': '0',
27 silly registry.get     'x-timer': 'S1471443993.981124,VS0,VE223',
27 silly registry.get     vary: 'Accept-Encoding' } ]
28 silly lockFile 8942fdc3-bower-cli bower-cli@
29 silly lockFile 8942fdc3-bower-cli bower-cli@
30 error 404 Not Found
30 error 404
30 error 404 'bower-cli' is not in the npm registry.
30 error 404 You should bug the author to publish it
30 error 404 It was specified as a dependency of 'smart-app'
30 error 404
30 error 404 Note that you can also install from a
30 error 404 tarball, folder, or http url, or git url.
31 error System Darwin 14.5.0
32 error command "node" "/usr/local/bin/npm" "install" "bower-cli"
33 error cwd /Users/mobiledev/smart-app
34 error node -v v0.10.33
35 error npm -v 1.4.28
36 error code E404
37 verbose exit [ 1, true ]
